<?xml version="1.0" encoding="UTF-8"?>
<testsuite xmlns:xsi="http://www.w3.org/2001/XMLSchema-instance" xsi:noNamespaceSchemaLocation="https://maven.apache.org/surefire/maven-surefire-plugin/xsd/surefire-test-report-3.0.xsd" version="3.0" name="com.cowin.auth.service.OtpServiceTest" time="1.421" tests="2" errors="0" skipped="0" failures="0">
  <properties>
[...]
</properties>
  <testcase name="shouldThrowWhenTooManyRequests" classname="com.cowin.auth.service.OtpServiceTest" time="1.382">
    <system-out><![CDATA[Inside service, mobile: 9999999999
]]></system-out>
  </testcase>
  <testcase name="shouldThrowWhenOtpMismatch" classname="com.cowin.auth.service.OtpServiceTest" time="0.006"/>
</testsuite>